<?xml version="1.0" encoding="UTF-8"?>
<testng-results skipped="0" failed="0" total="1" passed="1">
  <reporter-output>
  </reporter-output>
  <suite name="Default suite" duration-ms="5351" started-at="2017-08-24T02:53:17Z" finished-at="2017-08-24T02:53:23Z">
    <groups>
    </groups>
    <test name="Default test" duration-ms="5351" started-at="2017-08-24T02:53:17Z" finished-at="2017-08-24T02:53:23Z">
      <class name="com.gateside.autotesting.Gat.unittest.FileHelperTest">
        <test-method status="PASS" signature="doImportTest()[pri:0, instance:com.gateside.autotesting.Gat.unittest.FileHelperTest@74b1a7a0]" name="doImportTest" duration-ms="5338" started-at="2017-08-24T10:53:17Z" finished-at="2017-08-24T10:53:23Z">
          <reporter-output>
          </reporter-output>
        </test-method> <!-- doImportTest -->
      </class> <!-- com.gateside.autotesting.Gat.unittest.FileHelperTest -->
    </test> <!-- Default test -->
  </suite> <!-- Default suite -->
</testng-results>
